2025-09-21T01:15:06.712-03:00  INFO 7548 --- [user-service] [restartedMain] c.c.userservice.UserServiceApplication   : Starting UserServiceApplication v1.0.0 using Java 21.0.8 with PID 7548 (C:\Users\Gustavo\Desktop\chama-ai\apps\backend\services\user-service\target\classes started by Gustavo in C:\Users\Gustavo\Desktop\chama-ai\apps\backend\services\user-service)
2025-09-21T01:15:06.720-03:00  INFO 7548 --- [user-service] [restartedMain] c.c.userservice.UserServiceApplication   : No active profile set, falling back to 1 default profile: "default"
2025-09-21T01:15:06.789-03:00  INFO 7548 --- [user-service] [restartedMain] .e.DevToolsPropertyDefaultsPostProcessor : Devtools property defaults active! Set 'spring.devtools.add-properties' to 'false' to disable
2025-09-21T01:15:06.790-03:00  INFO 7548 --- [user-service] [restartedMain] .e.DevToolsPropertyDefaultsPostProcessor : For additional web related logging consider setting the 'logging.level.web' property to 'DEBUG'
2025-09-21T01:15:08.876-03:00  INFO 7548 --- [user-service] [restartedMain] .s.d.r.c.RepositoryConfigurationDelegate : Multiple Spring Data modules found, entering strict repository configuration mode
2025-09-21T01:15:08.879-03:00  INFO 7548 --- [user-service] [restartedMain] .s.d.r.c.RepositoryConfigurationDelegate : Bootstrapping Spring Data JPA repositories in DEFAULT mode.
2025-09-21T01:15:09.089-03:00  INFO 7548 --- [user-service] [restartedMain] .s.d.r.c.RepositoryConfigurationDelegate : Finished Spring Data repository scanning in 199 ms. Found 1 JPA repository interface.
2025-09-21T01:15:09.117-03:00  INFO 7548 --- [user-service] [restartedMain] .s.d.r.c.RepositoryConfigurationDelegate : Multiple Spring Data modules found, entering strict repository configuration mode
2025-09-21T01:15:09.119-03:00  INFO 7548 --- [user-service] [restartedMain] .s.d.r.c.RepositoryConfigurationDelegate : Bootstrapping Spring Data Redis repositories in DEFAULT mode.
2025-09-21T01:15:09.161-03:00  INFO 7548 --- [user-service] [restartedMain] .RepositoryConfigurationExtensionSupport : Spring Data Redis - Could not safely identify store assignment for repository candidate interface com.chamaai.userservice.infrastructure.adapters.persistence.repository.SpringDataUserRepository; If you want this repository to be a Redis repository, consider annotating your entities with one of these annotations: org.springframework.data.redis.core.RedisHash (preferred), or consider extending one of the following types with your repository: org.springframework.data.keyvalue.repository.KeyValueRepository
2025-09-21T01:15:09.163-03:00  INFO 7548 --- [user-service] [restartedMain] .s.d.r.c.RepositoryConfigurationDelegate : Finished Spring Data repository scanning in 22 ms. Found 0 Redis repository interfaces.
2025-09-21T01:15:09.630-03:00  INFO 7548 --- [user-service] [restartedMain] o.s.cloud.context.scope.GenericScope     : BeanFactory id=1a6d15c8-7085-326e-b5a7-2ae59301502b
2025-09-21T01:15:10.175-03:00  INFO 7548 --- [user-service] [restartedMain] o.s.b.w.embedded.tomcat.TomcatWebServer  : Tomcat initialized with port 0 (http)
2025-09-21T01:15:10.190-03:00  INFO 7548 --- [user-service] [restartedMain] o.apache.catalina.core.StandardService   : Starting service [Tomcat]
2025-09-21T01:15:10.190-03:00  INFO 7548 --- [user-service] [restartedMain] o.apache.catalina.core.StandardEngine    : Starting Servlet engine: [Apache Tomcat/10.1.44]
2025-09-21T01:15:10.258-03:00  INFO 7548 --- [user-service] [restartedMain] o.a.c.c.C.[Tomcat].[localhost].[/]       : Initializing Spring embedded WebApplicationContext
2025-09-21T01:15:10.258-03:00  INFO 7548 --- [user-service] [restartedMain] w.s.c.ServletWebServerApplicationContext : Root WebApplicationContext: initialization completed in 3467 ms
2025-09-21T01:15:10.616-03:00  INFO 7548 --- [user-service] [restartedMain] o.hibernate.jpa.internal.util.LogHelper  : HHH000204: Processing PersistenceUnitInfo [name: default]
2025-09-21T01:15:10.699-03:00  INFO 7548 --- [user-service] [restartedMain] org.hibernate.Version                    : HHH000412: Hibernate ORM core version 6.6.26.Final
2025-09-21T01:15:10.740-03:00  INFO 7548 --- [user-service] [restartedMain] o.h.c.internal.RegionFactoryInitiator    : HHH000026: Second-level cache disabled
2025-09-21T01:15:11.035-03:00  INFO 7548 --- [user-service] [restartedMain] o.s.o.j.p.SpringPersistenceUnitInfo      : No LoadTimeWeaver setup: ignoring JPA class transformer
2025-09-21T01:15:11.076-03:00  INFO 7548 --- [user-service] [restartedMain] com.zaxxer.hikari.HikariDataSource       : HikariPool-1 - Starting...
2025-09-21T01:15:11.329-03:00  INFO 7548 --- [user-service] [restartedMain] com.zaxxer.hikari.pool.HikariPool        : HikariPool-1 - Added connection org.postgresql.jdbc.PgConnection@143e6445
2025-09-21T01:15:11.332-03:00  INFO 7548 --- [user-service] [restartedMain] com.zaxxer.hikari.HikariDataSource       : HikariPool-1 - Start completed.
2025-09-21T01:15:11.464-03:00  INFO 7548 --- [user-service] [restartedMain] org.hibernate.orm.connections.pooling    : HHH10001005: Database info:
	Database JDBC URL [Connecting through datasource 'HikariDataSource (HikariPool-1)']
	Database driver: undefined/unknown
	Database version: 17.5
	Autocommit mode: undefined/unknown
	Isolation level: undefined/unknown
	Minimum pool size: undefined/unknown
	Maximum pool size: undefined/unknown
2025-09-21T01:15:12.590-03:00  INFO 7548 --- [user-service] [restartedMain] o.h.e.t.j.p.i.JtaPlatformInitiator       : HHH000489: No JTA platform available (set 'hibernate.transaction.jta.platform' to enable JTA platform integration)
2025-09-21T01:15:12.794-03:00  INFO 7548 --- [user-service] [restartedMain] j.LocalContainerEntityManagerFactoryBean : Initialized JPA EntityManagerFactory for persistence unit 'default'
2025-09-21T01:15:13.596-03:00  WARN 7548 --- [user-service] [restartedMain] o.s.b.d.a.OptionalLiveReloadServer       : Unable to start LiveReload server
2025-09-21T01:15:14.490-03:00  INFO 7548 --- [user-service] [restartedMain] o.s.b.a.e.web.EndpointLinksResolver      : Exposing 17 endpoints beneath base path '/actuator'
2025-09-21T01:15:15.277-03:00  INFO 7548 --- [user-service] [restartedMain] DiscoveryClientOptionalArgsConfiguration : Eureka HTTP Client uses RestTemplate.
2025-09-21T01:15:15.448-03:00  INFO 7548 --- [user-service] [restartedMain] o.s.b.w.embedded.tomcat.TomcatWebServer  : Tomcat started on port 53010 (http) with context path '/'
2025-09-21T01:15:15.449-03:00  INFO 7548 --- [user-service] [restartedMain] .s.c.n.e.s.EurekaAutoServiceRegistration : Updating port to 53010
2025-09-21T01:15:15.455-03:00  INFO 7548 --- [user-service] [restartedMain] o.s.c.n.eureka.InstanceInfoFactory       : Setting initial instance status as: STARTING
2025-09-21T01:15:15.482-03:00  INFO 7548 --- [user-service] [restartedMain] com.netflix.discovery.DiscoveryClient    : Initializing Eureka in region us-east-1
2025-09-21T01:15:15.486-03:00  INFO 7548 --- [user-service] [restartedMain] c.n.d.s.r.aws.ConfigClusterResolver      : Resolving eureka endpoints via configuration
2025-09-21T01:15:15.496-03:00  INFO 7548 --- [user-service] [restartedMain] com.netflix.discovery.DiscoveryClient    : Disable delta property : false
2025-09-21T01:15:15.497-03:00  INFO 7548 --- [user-service] [restartedMain] com.netflix.discovery.DiscoveryClient    : Single vip registry refresh property : null
2025-09-21T01:15:15.497-03:00  INFO 7548 --- [user-service] [restartedMain] com.netflix.discovery.DiscoveryClient    : Force full registry fetch : false
2025-09-21T01:15:15.497-03:00  INFO 7548 --- [user-service] [restartedMain] com.netflix.discovery.DiscoveryClient    : Application is null : false
2025-09-21T01:15:15.497-03:00  INFO 7548 --- [user-service] [restartedMain] com.netflix.discovery.DiscoveryClient    : Registered Applications size is zero : true
2025-09-21T01:15:15.497-03:00  INFO 7548 --- [user-service] [restartedMain] com.netflix.discovery.DiscoveryClient    : Application version is -1: true
2025-09-21T01:15:15.497-03:00  INFO 7548 --- [user-service] [restartedMain] com.netflix.discovery.DiscoveryClient    : Getting all instance registry info from the eureka server
2025-09-21T01:15:15.922-03:00  INFO 7548 --- [user-service] [restartedMain] com.netflix.discovery.DiscoveryClient    : The response status is 200
2025-09-21T01:15:15.924-03:00  INFO 7548 --- [user-service] [restartedMain] com.netflix.discovery.DiscoveryClient    : Starting heartbeat executor: renew interval is: 15
2025-09-21T01:15:15.926-03:00  INFO 7548 --- [user-service] [restartedMain] c.n.discovery.InstanceInfoReplicator     : InstanceInfoReplicator onDemand update allowed rate per min is 4
2025-09-21T01:15:15.928-03:00  INFO 7548 --- [user-service] [restartedMain] com.netflix.discovery.DiscoveryClient    : Discovery Client initialized at timestamp 1758428115927 with initial instances count: 0
2025-09-21T01:15:15.931-03:00  INFO 7548 --- [user-service] [restartedMain] o.s.c.n.e.s.EurekaServiceRegistry        : Registering application USER-SERVICE with eureka with status UP
2025-09-21T01:15:15.932-03:00  INFO 7548 --- [user-service] [restartedMain] com.netflix.discovery.DiscoveryClient    : Saw local status change event StatusChangeEvent [timestamp=1758428115932, current=UP, previous=STARTING]
2025-09-21T01:15:15.934-03:00  INFO 7548 --- [user-service] [DiscoveryClient-InstanceInfoReplicator-%d] com.netflix.discovery.DiscoveryClient    : DiscoveryClient_USER-SERVICE/user-service:36ddf039008362a01b559341093a0156: registering service...
2025-09-21T01:15:15.956-03:00  INFO 7548 --- [user-service] [restartedMain] c.c.userservice.UserServiceApplication   : Started UserServiceApplication in 9.924 seconds (process running for 11.236)
2025-09-21T01:15:16.084-03:00  INFO 7548 --- [user-service] [DiscoveryClient-InstanceInfoReplicator-%d] com.netflix.discovery.DiscoveryClient    : DiscoveryClient_USER-SERVICE/user-service:36ddf039008362a01b559341093a0156 - registration status: 204
2025-09-21T01:15:16.507-03:00  INFO 7548 --- [user-service] [RMI TCP Connection(4)-172.30.32.1] o.a.c.c.C.[Tomcat].[localhost].[/]       : Initializing Spring DispatcherServlet 'dispatcherServlet'
2025-09-21T01:15:16.508-03:00  INFO 7548 --- [user-service] [RMI TCP Connection(4)-172.30.32.1] o.s.web.servlet.DispatcherServlet        : Initializing Servlet 'dispatcherServlet'
2025-09-21T01:15:16.509-03:00  INFO 7548 --- [user-service] [RMI TCP Connection(4)-172.30.32.1] o.s.web.servlet.DispatcherServlet        : Completed initialization in 1 ms
2025-09-21T01:15:45.939-03:00  INFO 7548 --- [user-service] [DiscoveryClient-CacheRefreshExecutor-%d] com.netflix.discovery.DiscoveryClient    : Disable delta property : false
2025-09-21T01:15:45.940-03:00  INFO 7548 --- [user-service] [DiscoveryClient-CacheRefreshExecutor-%d] com.netflix.discovery.DiscoveryClient    : Single vip registry refresh property : null
2025-09-21T01:15:45.940-03:00  INFO 7548 --- [user-service] [DiscoveryClient-CacheRefreshExecutor-%d] com.netflix.discovery.DiscoveryClient    : Force full registry fetch : false
2025-09-21T01:15:45.940-03:00  INFO 7548 --- [user-service] [DiscoveryClient-CacheRefreshExecutor-%d] com.netflix.discovery.DiscoveryClient    : Application is null : false
2025-09-21T01:15:45.940-03:00  INFO 7548 --- [user-service] [DiscoveryClient-CacheRefreshExecutor-%d] com.netflix.discovery.DiscoveryClient    : Registered Applications size is zero : true
2025-09-21T01:15:45.940-03:00  INFO 7548 --- [user-service] [DiscoveryClient-CacheRefreshExecutor-%d] com.netflix.discovery.DiscoveryClient    : Application version is -1: false
2025-09-21T01:15:45.940-03:00  INFO 7548 --- [user-service] [DiscoveryClient-CacheRefreshExecutor-%d] com.netflix.discovery.DiscoveryClient    : Getting all instance registry info from the eureka server
2025-09-21T01:15:46.057-03:00  INFO 7548 --- [user-service] [DiscoveryClient-CacheRefreshExecutor-%d] com.netflix.discovery.DiscoveryClient    : The response status is 200
2025-09-21T01:15:56.782-03:00  INFO 7548 --- [user-service] [http-nio-auto-1-exec-1] c.c.u.i.a.h.controllers.UserController   : Receive request to start registration
